<?xml version="1.0" encoding="UTF-8"?>
<testsuite name="com.example.weatherforecast.ExampleUnitTest" tests="1" skipped="0" failures="0" errors="0" timestamp="2023-03-31T04:36:46" hostname="DESKTOP-PN9FMK0" time="0.002">
  <properties/>
  <testcase name="addition_isCorrect" classname="com.example.weatherforecast.ExampleUnitTest" time="0.002"/>
  <system-out><![CDATA[]]></system-out>
  <system-err><![CDATA[]]></system-err>
</testsuite>
